<?xml version="1.0" encoding="UTF-8"?>
<robot generator="Robot 5.0 (Python 3.10.6 on win32)" generated="20221030 13:28:16.886" rpa="false" schemaversion="3">
<suite id="s1" name="Teste" source="C:\K6\robot api\teste.robot">
<test id="s1-t1" name="Should gerar relatorio" line="8">
<kw name="Create Dictionary" library="BuiltIn">
<var>${payload}</var>
<arg>identifierClient=162058</arg>
<arg>identifierVehicles=[1429466,1429465,1429468,1429467,1429464,1429463,1429473,1429476,1429475,1429470,1429469,1429471,1429450,1429449,1429451,1429446,1429445,1429448,1429447,1429458,1429457,1429459,1429454,1429453,1429455,1429498,1429500,1429499,1429494,1429493,1429495,1429506,1429505,1429508,1429507]</arg>
<arg>dateFrom=1666321200000</arg>
<arg>dateTo=1666407599000</arg>
<doc>Creates and returns a dictionary based on the given ``items``.</doc>
<msg timestamp="20221030 13:28:17.016" level="INFO">${payload} = {'identifierClient': '162058', 'identifierVehicles': '[1429466,1429465,1429468,1429467,1429464,1429463,1429473,1429476,1429475,1429470,1429469,1429471,1429450,1429449,1429451,1429446,1429445,1429448,1...</msg>
<status status="PASS" starttime="20221030 13:28:17.014" endtime="20221030 13:28:17.016"/>
</kw>
<kw name="Create Dictionary" library="BuiltIn">
<var>${headers}</var>
<arg>Content-Type=application/json</arg>
<arg>Authorization=eyJ0eXAiOiJKV1QiLCJhbGciOiJIUzUxMiJ9.eyJ1c2VySWQiOjE4MTc3NSwiY3VzdG9tZXJJZCI6MTYyMDU4LCJjdXN0b21lckV4dGVybmFsSWQiOjAsInVzZXJMb2dpbiI6IldBQkVSRVJTLkhVIiwic3ViIjoiV0FCRVJFUlMuSFUiLCJleHAiOjE2NjY1NzA3NjAsImlhdCI6MTY2NjQ4NDM2MH0.vPar0wLcG_fqT2q2U9UATc-UaOYCLtCAzxxW-2jMdatrd-ATyNG-FsorVYU_UMxF30591cWwlqL6nw1aCPY0uA</arg>
<doc>Creates and returns a dictionary based on the given ``items``.</doc>
<msg timestamp="20221030 13:28:17.016" level="INFO">${headers} = {'Content-Type': 'application/json', 'Authorization': 'eyJ0eXAiOiJKV1QiLCJhbGciOiJIUzUxMiJ9.eyJ1c2VySWQiOjE4MTc3NSwiY3VzdG9tZXJJZCI6MTYyMDU4LCJjdXN0b21lckV4dGVybmFsSWQiOjAsInVzZXJMb2dpbiI6IldBQkVSRVJT...</msg>
<status status="PASS" starttime="20221030 13:28:17.016" endtime="20221030 13:28:17.016"/>
</kw>
<kw name="POST" library="RequestsLibrary">
<var>${response}</var>
<arg>${BASE_URL}</arg>
<arg>headers=${headers}</arg>
<arg>json=${payload}</arg>
<doc>Sends a POST request.</doc>
<msg timestamp="20221030 13:28:32.262" level="INFO">POST Request : url=https://sasweb2-mod-bff-v1-sasweb2-produto-hom.apps.ocp4-dev.sascar.com.br/fleets-utilization/utilization 
 path_url=/fleets-utilization/utilization 
 headers={'User-Agent': 'python-requests/2.27.1', 'Accept-Encoding': 'gzip, deflate', 'Accept': '*/*', 'Connection': 'keep-alive', 'Content-Type': 'application/json', 'Authorization': 'eyJ0eXAiOiJKV1QiLCJhbGciOiJIUzUxMiJ9.eyJ1c2VySWQiOjE4MTc3NSwiY3VzdG9tZXJJZCI6MTYyMDU4LCJjdXN0b21lckV4dGVybmFsSWQiOjAsInVzZXJMb2dpbiI6IldBQkVSRVJTLkhVIiwic3ViIjoiV0FCRVJFUlMuSFUiLCJleHAiOjE2NjY1NzA3NjAsImlhdCI6MTY2NjQ4NDM2MH0.vPar0wLcG_fqT2q2U9UATc-UaOYCLtCAzxxW-2jMdatrd-ATyNG-FsorVYU_UMxF30591cWwlqL6nw1aCPY0uA', 'Content-Length': '393'} 
 body=b'{"identifierClient": "162058", "identifierVehicles": "[1429466,1429465,1429468,1429467,1429464,1429463,1429473,1429476,1429475,1429470,1429469,1429471,1429450,1429449,1429451,1429446,1429445,1429448,1429447,1429458,1429457,1429459,1429454,1429453,1429455,1429498,1429500,1429499,1429494,1429493,1429495,1429506,1429505,1429508,1429507]", "dateFrom": "1666321200000", "dateTo": "1666407599000"}' 
 </msg>
<msg timestamp="20221030 13:28:32.262" level="INFO">POST Response : url=https://sasweb2-mod-bff-v1-sasweb2-produto-hom.apps.ocp4-dev.sascar.com.br/fleets-utilization/utilization 
 status=500, reason= 
 headers={'vary': 'accept-encoding', 'content-encoding': 'gzip', 'content-type': 'application/json;charset=UTF-8', 'transfer-encoding': 'chunked', 'date': 'Sun, 30 Oct 2022 16:28:15 GMT', 'set-cookie': '0600eaa50533533b656d76c61c0cec8c=55fe44ae28742c5ebf5d3ff2875138c8; path=/; HttpOnly; Secure; SameSite=None'} 
 body={"timestamp":1667147295529,"status":500,"error":"Internal Server Error","message":"400 null","path":"/fleets-utilization/utilization"} 
 </msg>
<msg timestamp="20221030 13:28:32.262" level="FAIL">HTTPError: 500 Server Error:  for url: https://sasweb2-mod-bff-v1-sasweb2-produto-hom.apps.ocp4-dev.sascar.com.br/fleets-utilization/utilization</msg>
<status status="FAIL" starttime="20221030 13:28:17.017" endtime="20221030 13:28:32.277"/>
</kw>
<kw name="Status Should Be" library="RequestsLibrary">
<arg>200</arg>
<doc>Fails if response status code is different than the expected.</doc>
<status status="NOT RUN" starttime="20221030 13:28:32.277" endtime="20221030 13:28:32.277"/>
</kw>
<status status="FAIL" starttime="20221030 13:28:17.014" endtime="20221030 13:28:32.280">HTTPError: 500 Server Error:  for url: https://sasweb2-mod-bff-v1-sasweb2-produto-hom.apps.ocp4-dev.sascar.com.br/fleets-utilization/utilization</status>
</test>
<test id="s1-t2" name="Should gerar relatorio senha errada" line="26">
<kw name="Create Dictionary" library="BuiltIn">
<var>${payload}</var>
<arg>identifierClient=1</arg>
<arg>identifierVehicles=[1429466,1429465,1429468,1429467,1429464,1429463,1429473,1429476,1429475,1429470,1429469,1429471,1429450,1429449,1429451,1429446,1429445,1429448,1429447,1429458,1429457,1429459,1429454,1429453,1429455,1429498,1429500,1429499,1429494,1429493,1429495,1429506,1429505,1429508,1429507]</arg>
<arg>dateFrom=1666321200000</arg>
<arg>dateTo=1666407599000</arg>
<doc>Creates and returns a dictionary based on the given ``items``.</doc>
<msg timestamp="20221030 13:28:32.285" level="INFO">${payload} = {'identifierClient': '1', 'identifierVehicles': '[1429466,1429465,1429468,1429467,1429464,1429463,1429473,1429476,1429475,1429470,1429469,1429471,1429450,1429449,1429451,1429446,1429445,1429448,142944...</msg>
<status status="PASS" starttime="20221030 13:28:32.284" endtime="20221030 13:28:32.285"/>
</kw>
<kw name="Create Dictionary" library="BuiltIn">
<var>${headers}</var>
<arg>Content-Type=application/json</arg>
<arg>Authorization=eyJ0eXAiOiJKV1QiLCJhbGciOiJIUzUxMiJ9.eyJ1c2VySWQiOjE4MTc3NSwiY3VzdG9tZXJJZCI6MTYyMDU4LCJjdXN0b21lckV4dGVybmFsSWQiOjAsInVzZXJMb2dpbiI6IldBQkVSRVJTLkhVIiwic3ViIjoiV0FCRVJFUlMuSFUiLCJleHAiOjE2NjY1NzA3NjAsImlhdCI6MTY2NjQ4NDM2MH0.vPar0wLcG_fqT2q2U9UATc-UaOYCLtCAzxxW-2jMdatrd-ATyNG-FsorVYU_UMxF30591cWwlqL6nw1aCPY0uA</arg>
<doc>Creates and returns a dictionary based on the given ``items``.</doc>
<msg timestamp="20221030 13:28:32.286" level="INFO">${headers} = {'Content-Type': 'application/json', 'Authorization': 'eyJ0eXAiOiJKV1QiLCJhbGciOiJIUzUxMiJ9.eyJ1c2VySWQiOjE4MTc3NSwiY3VzdG9tZXJJZCI6MTYyMDU4LCJjdXN0b21lckV4dGVybmFsSWQiOjAsInVzZXJMb2dpbiI6IldBQkVSRVJT...</msg>
<status status="PASS" starttime="20221030 13:28:32.286" endtime="20221030 13:28:32.286"/>
</kw>
<kw name="POST" library="RequestsLibrary">
<var>${response}</var>
<arg>${BASE_URL}</arg>
<arg>headers=${headers}</arg>
<arg>json=${payload}</arg>
<doc>Sends a POST request.</doc>
<msg timestamp="20221030 13:28:32.485" level="INFO">POST Request : url=https://sasweb2-mod-bff-v1-sasweb2-produto-hom.apps.ocp4-dev.sascar.com.br/fleets-utilization/utilization 
 path_url=/fleets-utilization/utilization 
 headers={'User-Agent': 'python-requests/2.27.1', 'Accept-Encoding': 'gzip, deflate', 'Accept': '*/*', 'Connection': 'keep-alive', 'Content-Type': 'application/json', 'Authorization': 'eyJ0eXAiOiJKV1QiLCJhbGciOiJIUzUxMiJ9.eyJ1c2VySWQiOjE4MTc3NSwiY3VzdG9tZXJJZCI6MTYyMDU4LCJjdXN0b21lckV4dGVybmFsSWQiOjAsInVzZXJMb2dpbiI6IldBQkVSRVJTLkhVIiwic3ViIjoiV0FCRVJFUlMuSFUiLCJleHAiOjE2NjY1NzA3NjAsImlhdCI6MTY2NjQ4NDM2MH0.vPar0wLcG_fqT2q2U9UATc-UaOYCLtCAzxxW-2jMdatrd-ATyNG-FsorVYU_UMxF30591cWwlqL6nw1aCPY0uA', 'Content-Length': '388'} 
 body=b'{"identifierClient": "1", "identifierVehicles": "[1429466,1429465,1429468,1429467,1429464,1429463,1429473,1429476,1429475,1429470,1429469,1429471,1429450,1429449,1429451,1429446,1429445,1429448,1429447,1429458,1429457,1429459,1429454,1429453,1429455,1429498,1429500,1429499,1429494,1429493,1429495,1429506,1429505,1429508,1429507]", "dateFrom": "1666321200000", "dateTo": "1666407599000"}' 
 </msg>
<msg timestamp="20221030 13:28:32.485" level="INFO">POST Response : url=https://sasweb2-mod-bff-v1-sasweb2-produto-hom.apps.ocp4-dev.sascar.com.br/fleets-utilization/utilization 
 status=200, reason= 
 headers={'vary': 'accept-encoding', 'content-encoding': 'gzip', 'content-type': 'application/json;charset=UTF-8', 'transfer-encoding': 'chunked', 'date': 'Sun, 30 Oct 2022 16:28:15 GMT', 'set-cookie': '0600eaa50533533b656d76c61c0cec8c=55fe44ae28742c5ebf5d3ff2875138c8; path=/; HttpOnly; Secure; SameSite=None'} 
 body=null 
 </msg>
<msg timestamp="20221030 13:28:32.485" level="INFO">${response} = &lt;Response [200]&gt;</msg>
<status status="PASS" starttime="20221030 13:28:32.287" endtime="20221030 13:28:32.485"/>
</kw>
<kw name="Status Should Be" library="RequestsLibrary">
<arg>200 != 500</arg>
<doc>Fails if response status code is different than the expected.</doc>
<msg timestamp="20221030 13:28:32.485" level="FAIL">UnknownStatusError: 200 != 500</msg>
<status status="FAIL" starttime="20221030 13:28:32.485" endtime="20221030 13:28:32.496"/>
</kw>
<status status="FAIL" starttime="20221030 13:28:32.283" endtime="20221030 13:28:32.497">UnknownStatusError: 200 != 500</status>
</test>
<status status="FAIL" starttime="20221030 13:28:16.886" endtime="20221030 13:28:32.500"/>
</suite>
<statistics>
<total>
<stat pass="0" fail="2" skip="0">All Tests</stat>
</total>
<tag>
</tag>
<suite>
<stat pass="0" fail="2" skip="0" id="s1" name="Teste">Teste</stat>
</suite>
</statistics>
<errors>
</errors>
</robot>
